13:57:57.299 [ApplicationImpl pooled thread 88] INFO  c.b.l.BrowserStackRunExtension - testng
13:57:57.300 [ApplicationImpl pooled thread 88] INFO  com.browserstack.utils.Helpers - null
13:57:57.301 [ApplicationImpl pooled thread 88] INFO  c.b.l.BrowserStackRunExtension - Agent path: null
14:04:54.644 [ApplicationImpl pooled thread 103] INFO  c.b.l.BrowserStackRunExtension - testng
14:04:54.644 [ApplicationImpl pooled thread 103] INFO  com.browserstack.utils.Helpers - null
14:04:54.644 [ApplicationImpl pooled thread 103] INFO  c.b.l.BrowserStackRunExtension - Agent path: null
14:15:19.807 [ApplicationImpl pooled thread 113] INFO  c.b.l.BrowserStackRunExtension - testng
14:15:19.807 [ApplicationImpl pooled thread 113] INFO  com.browserstack.utils.Helpers - null
14:15:19.807 [ApplicationImpl pooled thread 113] INFO  c.b.l.BrowserStackRunExtension - Agent path: null
14:20:00.520 [ApplicationImpl pooled thread 110] INFO  c.b.l.BrowserStackRunExtension - testng
14:20:00.520 [ApplicationImpl pooled thread 110] INFO  com.browserstack.utils.Helpers - null
14:20:00.522 [ApplicationImpl pooled thread 110] INFO  c.b.l.BrowserStackRunExtension - Agent path: null
14:29:51.549 [ApplicationImpl pooled thread 132] INFO  c.b.l.BrowserStackRunExtension - testng
14:29:51.549 [ApplicationImpl pooled thread 132] INFO  com.browserstack.utils.Helpers - null
14:29:51.550 [ApplicationImpl pooled thread 132] INFO  c.b.l.BrowserStackRunExtension - Agent path: null
14:30:41.292 [ApplicationImpl pooled thread 134] INFO  c.b.l.BrowserStackRunExtension - testng
14:30:41.292 [ApplicationImpl pooled thread 134] INFO  com.browserstack.utils.Helpers - null
14:30:41.292 [ApplicationImpl pooled thread 134] INFO  c.b.l.BrowserStackRunExtension - Agent path: null
14:31:55.541 [ApplicationImpl pooled thread 110] INFO  c.b.l.BrowserStackRunExtension - testng
14:31:55.542 [ApplicationImpl pooled thread 110] INFO  com.browserstack.utils.Helpers - null
14:31:55.542 [ApplicationImpl pooled thread 110] INFO  c.b.l.BrowserStackRunExtension - Agent path: null
14:33:21.570 [ApplicationImpl pooled thread 144] INFO  c.b.l.BrowserStackRunExtension - testng
14:33:21.570 [ApplicationImpl pooled thread 144] INFO  com.browserstack.utils.Helpers - null
14:33:21.570 [ApplicationImpl pooled thread 144] INFO  c.b.l.BrowserStackRunExtension - Agent path: null
14:33:59.439 [ApplicationImpl pooled thread 150] INFO  c.b.l.BrowserStackRunExtension - testng
14:33:59.439 [ApplicationImpl pooled thread 150] INFO  com.browserstack.utils.Helpers - null
14:33:59.439 [ApplicationImpl pooled thread 150] INFO  c.b.l.BrowserStackRunExtension - Agent path: null
14:34:42.524 [ApplicationImpl pooled thread 151] INFO  c.b.l.BrowserStackRunExtension - testng
14:34:42.524 [ApplicationImpl pooled thread 151] INFO  com.browserstack.utils.Helpers - null
14:34:42.524 [ApplicationImpl pooled thread 151] INFO  c.b.l.BrowserStackRunExtension - Agent path: null
14:38:20.711 [ApplicationImpl pooled thread 148] INFO  c.b.l.BrowserStackRunExtension - testng
14:38:20.711 [ApplicationImpl pooled thread 148] INFO  com.browserstack.utils.Helpers - null
14:38:20.712 [ApplicationImpl pooled thread 148] INFO  c.b.l.BrowserStackRunExtension - Agent path: null
14:39:07.482 [ApplicationImpl pooled thread 155] INFO  c.b.l.BrowserStackRunExtension - testng
14:39:07.482 [ApplicationImpl pooled thread 155] INFO  com.browserstack.utils.Helpers - null
14:39:07.483 [ApplicationImpl pooled thread 155] INFO  c.b.l.BrowserStackRunExtension - Agent path: null
14:40:18.668 [ApplicationImpl pooled thread 157] INFO  c.b.l.BrowserStackRunExtension - testng
14:40:18.668 [ApplicationImpl pooled thread 157] INFO  com.browserstack.utils.Helpers - null
14:40:18.668 [ApplicationImpl pooled thread 157] INFO  c.b.l.BrowserStackRunExtension - Agent path: null
14:41:35.845 [ApplicationImpl pooled thread 148] INFO  c.b.l.BrowserStackRunExtension - testng
14:41:35.845 [ApplicationImpl pooled thread 148] INFO  com.browserstack.utils.Helpers - null
14:41:35.845 [ApplicationImpl pooled thread 148] INFO  c.b.l.BrowserStackRunExtension - Agent path: null
14:42:09.034 [ApplicationImpl pooled thread 155] INFO  c.b.l.BrowserStackRunExtension - testng
14:42:09.034 [ApplicationImpl pooled thread 155] INFO  com.browserstack.utils.Helpers - null
14:42:09.034 [ApplicationImpl pooled thread 155] INFO  c.b.l.BrowserStackRunExtension - Agent path: null
14:52:06.114 [ApplicationImpl pooled thread 180] INFO  c.b.l.BrowserStackRunExtension - testng
14:52:06.115 [ApplicationImpl pooled thread 180] INFO  com.browserstack.utils.Helpers - null
14:52:06.115 [ApplicationImpl pooled thread 180] INFO  c.b.l.BrowserStackRunExtension - Agent path: null
14:59:24.409 [ApplicationImpl pooled thread 184] INFO  c.b.l.BrowserStackRunExtension - testng
14:59:24.410 [ApplicationImpl pooled thread 184] INFO  com.browserstack.utils.Helpers - null
14:59:24.410 [ApplicationImpl pooled thread 184] INFO  c.b.l.BrowserStackRunExtension - Agent path: null
14:59:49.514 [ApplicationImpl pooled thread 181] INFO  c.b.l.BrowserStackRunExtension - testng
14:59:49.514 [ApplicationImpl pooled thread 181] INFO  com.browserstack.utils.Helpers - null
14:59:49.515 [ApplicationImpl pooled thread 181] INFO  c.b.l.BrowserStackRunExtension - Agent path: null
15:01:42.417 [ApplicationImpl pooled thread 187] INFO  c.b.l.BrowserStackRunExtension - testng
15:01:42.417 [ApplicationImpl pooled thread 187] INFO  com.browserstack.utils.Helpers - null
15:01:42.419 [ApplicationImpl pooled thread 187] INFO  c.b.l.BrowserStackRunExtension - Agent path: null
15:05:34.963 [ApplicationImpl pooled thread 197] INFO  c.b.l.BrowserStackRunExtension - testng
15:05:34.963 [ApplicationImpl pooled thread 197] INFO  com.browserstack.utils.Helpers - null
15:05:34.964 [ApplicationImpl pooled thread 197] INFO  c.b.l.BrowserStackRunExtension - Agent path: null
16:48:37.646 [ApplicationImpl pooled thread 220] INFO  c.b.l.BrowserStackRunExtension - testng
16:48:37.647 [ApplicationImpl pooled thread 220] INFO  com.browserstack.utils.Helpers - null
16:48:37.647 [ApplicationImpl pooled thread 220] INFO  c.b.l.BrowserStackRunExtension - Agent path: null
16:53:46.411 [ApplicationImpl pooled thread 228] INFO  c.b.l.BrowserStackRunExtension - testng
16:53:46.411 [ApplicationImpl pooled thread 228] INFO  com.browserstack.utils.Helpers - null
16:53:46.411 [ApplicationImpl pooled thread 228] INFO  c.b.l.BrowserStackRunExtension - Agent path: null
16:54:19.734 [ApplicationImpl pooled thread 223] INFO  c.b.l.BrowserStackRunExtension - testng
16:54:19.734 [ApplicationImpl pooled thread 223] INFO  com.browserstack.utils.Helpers - null
16:54:19.735 [ApplicationImpl pooled thread 223] INFO  c.b.l.BrowserStackRunExtension - Agent path: null
16:55:02.153 [ApplicationImpl pooled thread 225] INFO  c.b.l.BrowserStackRunExtension - testng
16:55:02.153 [ApplicationImpl pooled thread 225] INFO  com.browserstack.utils.Helpers - null
16:55:02.155 [ApplicationImpl pooled thread 225] INFO  c.b.l.BrowserStackRunExtension - Agent path: null
16:56:47.974 [ApplicationImpl pooled thread 230] INFO  c.b.l.BrowserStackRunExtension - testng
16:56:47.974 [ApplicationImpl pooled thread 230] INFO  com.browserstack.utils.Helpers - null
16:56:47.974 [ApplicationImpl pooled thread 230] INFO  c.b.l.BrowserStackRunExtension - Agent path: null
16:59:24.869 [ApplicationImpl pooled thread 233] INFO  c.b.l.BrowserStackRunExtension - testng
16:59:24.869 [ApplicationImpl pooled thread 233] INFO  com.browserstack.utils.Helpers - null
16:59:24.871 [ApplicationImpl pooled thread 233] INFO  c.b.l.BrowserStackRunExtension - Agent path: null
17:13:11.887 [ApplicationImpl pooled thread 241] INFO  c.b.l.BrowserStackRunExtension - testng
17:13:11.887 [ApplicationImpl pooled thread 241] INFO  com.browserstack.utils.Helpers - null
17:13:11.887 [ApplicationImpl pooled thread 241] INFO  c.b.l.BrowserStackRunExtension - Agent path: null
17:44:49.122 [ApplicationImpl pooled thread 263] INFO  c.b.l.BrowserStackRunExtension - testng
17:44:49.122 [ApplicationImpl pooled thread 263] INFO  com.browserstack.utils.Helpers - null
17:44:49.122 [ApplicationImpl pooled thread 263] INFO  c.b.l.BrowserStackRunExtension - Agent path: null
17:45:24.905 [ApplicationImpl pooled thread 263] INFO  c.b.l.BrowserStackRunExtension - testng
17:45:24.905 [ApplicationImpl pooled thread 263] INFO  com.browserstack.utils.Helpers - null
17:45:24.906 [ApplicationImpl pooled thread 263] INFO  c.b.l.BrowserStackRunExtension - Agent path: null
19:00:02.833 [ApplicationImpl pooled thread 266] INFO  c.b.l.BrowserStackRunExtension - testng
19:00:02.834 [ApplicationImpl pooled thread 266] INFO  com.browserstack.utils.Helpers - null
19:00:02.834 [ApplicationImpl pooled thread 266] INFO  c.b.l.BrowserStackRunExtension - Agent path: null
19:09:47.333 [ApplicationImpl pooled thread 289] INFO  c.b.l.BrowserStackRunExtension - testng
19:09:47.334 [ApplicationImpl pooled thread 289] INFO  com.browserstack.utils.Helpers - null
19:09:47.335 [ApplicationImpl pooled thread 289] INFO  c.b.l.BrowserStackRunExtension - Agent path: null
19:11:40.538 [ApplicationImpl pooled thread 294] INFO  c.b.l.BrowserStackRunExtension - testng
19:11:40.538 [ApplicationImpl pooled thread 294] INFO  com.browserstack.utils.Helpers - null
19:11:40.539 [ApplicationImpl pooled thread 294] INFO  c.b.l.BrowserStackRunExtension - Agent path: null
20:02:55.969 [ApplicationImpl pooled thread 316] INFO  c.b.l.BrowserStackRunExtension - testng
20:02:55.969 [ApplicationImpl pooled thread 316] INFO  com.browserstack.utils.Helpers - null
20:02:55.971 [ApplicationImpl pooled thread 316] INFO  c.b.l.BrowserStackRunExtension - Agent path: null
20:03:14.220 [ApplicationImpl pooled thread 304] INFO  c.b.l.BrowserStackRunExtension - testng
20:03:14.220 [ApplicationImpl pooled thread 304] INFO  com.browserstack.utils.Helpers - null
20:03:14.220 [ApplicationImpl pooled thread 304] INFO  c.b.l.BrowserStackRunExtension - Agent path: null
20:03:44.483 [ApplicationImpl pooled thread 302] INFO  c.b.l.BrowserStackRunExtension - testng
20:03:44.483 [ApplicationImpl pooled thread 302] INFO  com.browserstack.utils.Helpers - null
20:03:44.484 [ApplicationImpl pooled thread 302] INFO  c.b.l.BrowserStackRunExtension - Agent path: null
20:05:05.147 [ApplicationImpl pooled thread 316] INFO  c.b.l.BrowserStackRunExtension - testng
20:05:05.147 [ApplicationImpl pooled thread 316] INFO  com.browserstack.utils.Helpers - null
20:05:05.147 [ApplicationImpl pooled thread 316] INFO  c.b.l.BrowserStackRunExtension - Agent path: null
20:05:27.208 [ApplicationImpl pooled thread 311] INFO  c.b.l.BrowserStackRunExtension - testng
20:05:27.209 [ApplicationImpl pooled thread 311] INFO  com.browserstack.utils.Helpers - null
20:05:27.209 [ApplicationImpl pooled thread 311] INFO  c.b.l.BrowserStackRunExtension - Agent path: null
20:07:38.515 [ApplicationImpl pooled thread 322] INFO  c.b.l.BrowserStackRunExtension - testng
20:07:38.515 [ApplicationImpl pooled thread 322] INFO  com.browserstack.utils.Helpers - null
20:07:38.515 [ApplicationImpl pooled thread 322] INFO  c.b.l.BrowserStackRunExtension - Agent path: null
20:13:10.420 [ApplicationImpl pooled thread 316] INFO  c.b.l.BrowserStackRunExtension - testng
20:13:10.420 [ApplicationImpl pooled thread 316] INFO  com.browserstack.utils.Helpers - null
20:13:10.420 [ApplicationImpl pooled thread 316] INFO  c.b.l.BrowserStackRunExtension - Agent path: null
20:15:11.705 [ApplicationImpl pooled thread 343] INFO  c.b.l.BrowserStackRunExtension - testng
20:15:11.705 [ApplicationImpl pooled thread 343] INFO  com.browserstack.utils.Helpers - null
20:15:11.705 [ApplicationImpl pooled thread 343] INFO  c.b.l.BrowserStackRunExtension - Agent path: null
12:24:25.881 [AWT-EventQueue-0] INFO  c.b.actions.EnableBrowserStack - Setting enable browserstack run update
12:24:25.888 [AWT-EventQueue-0] INFO  c.b.actions.DisableBrowserStack - Setting disable browserstack run update
00:20:20.600 [ApplicationImpl pooled thread 67] INFO  c.b.l.BrowserStackRunExtension - testng
00:20:20.601 [ApplicationImpl pooled thread 67] INFO  com.browserstack.utils.Helpers - null
00:20:20.602 [ApplicationImpl pooled thread 67] INFO  c.b.l.BrowserStackRunExtension - Agent path: null
00:21:36.536 [ApplicationImpl pooled thread 72] INFO  c.b.l.BrowserStackRunExtension - testng
00:21:36.537 [ApplicationImpl pooled thread 72] INFO  com.browserstack.utils.Helpers - null
00:21:36.537 [ApplicationImpl pooled thread 72] INFO  c.b.l.BrowserStackRunExtension - Agent path: null
00:27:30.712 [ApplicationImpl pooled thread 81] INFO  c.b.l.BrowserStackRunExtension - testng
00:27:30.712 [ApplicationImpl pooled thread 81] INFO  com.browserstack.utils.Helpers - null
00:27:30.712 [ApplicationImpl pooled thread 81] INFO  c.b.l.BrowserStackRunExtension - Agent path: null
00:38:06.593 [ApplicationImpl pooled thread 79] INFO  c.b.l.BrowserStackRunExtension - testng
00:38:06.593 [ApplicationImpl pooled thread 79] INFO  com.browserstack.utils.Helpers - null
00:38:06.594 [ApplicationImpl pooled thread 79] INFO  c.b.l.BrowserStackRunExtension - Agent path: null
14:56:23.309 [ApplicationImpl pooled thread 60] INFO  c.b.l.BrowserStackRunExtension - testng
14:56:23.309 [ApplicationImpl pooled thread 60] INFO  com.browserstack.utils.Helpers - null
14:56:23.312 [ApplicationImpl pooled thread 60] INFO  c.b.l.BrowserStackRunExtension - Agent path: null
12:08:32.902 [ApplicationImpl pooled thread 20] INFO  c.b.l.BrowserStackRunExtension - testng
12:08:32.911 [ApplicationImpl pooled thread 20] INFO  com.browserstack.utils.Helpers - null
12:08:32.926 [ApplicationImpl pooled thread 20] INFO  c.b.l.BrowserStackRunExtension - Agent path: null
12:10:18.548 [ApplicationImpl pooled thread 24] INFO  c.b.l.BrowserStackRunExtension - testng
12:10:18.549 [ApplicationImpl pooled thread 24] INFO  com.browserstack.utils.Helpers - null
12:10:18.552 [ApplicationImpl pooled thread 24] INFO  c.b.l.BrowserStackRunExtension - Agent path: null
20:07:22.736 [ApplicationImpl pooled thread 308] INFO  c.b.l.BrowserStackRunExtension - testng
20:07:22.737 [ApplicationImpl pooled thread 308] INFO  com.browserstack.utils.Helpers - null
20:07:22.739 [ApplicationImpl pooled thread 308] INFO  c.b.l.BrowserStackRunExtension - Agent path: null
20:11:58.617 [ApplicationImpl pooled thread 324] INFO  c.b.l.BrowserStackRunExtension - testng
20:11:58.618 [ApplicationImpl pooled thread 324] INFO  com.browserstack.utils.Helpers - null
20:11:58.621 [ApplicationImpl pooled thread 324] INFO  c.b.l.BrowserStackRunExtension - Agent path: null
20:16:08.096 [ApplicationImpl pooled thread 334] INFO  c.b.l.BrowserStackRunExtension - testng
20:16:08.101 [ApplicationImpl pooled thread 334] INFO  com.browserstack.utils.Helpers - null
20:16:08.106 [ApplicationImpl pooled thread 334] INFO  c.b.l.BrowserStackRunExtension - Agent path: null
20:17:58.736 [ApplicationImpl pooled thread 337] INFO  c.b.l.BrowserStackRunExtension - testng
20:17:58.738 [ApplicationImpl pooled thread 337] INFO  com.browserstack.utils.Helpers - null
20:17:58.749 [ApplicationImpl pooled thread 337] INFO  c.b.l.BrowserStackRunExtension - Agent path: null
20:18:41.379 [ApplicationImpl pooled thread 329] INFO  c.b.l.BrowserStackRunExtension - testng
20:18:41.379 [ApplicationImpl pooled thread 329] INFO  com.browserstack.utils.Helpers - null
20:18:41.381 [ApplicationImpl pooled thread 329] INFO  c.b.l.BrowserStackRunExtension - Agent path: null
20:19:29.064 [ApplicationImpl pooled thread 342] INFO  c.b.l.BrowserStackRunExtension - testng
20:19:29.065 [ApplicationImpl pooled thread 342] INFO  com.browserstack.utils.Helpers - null
20:19:29.068 [ApplicationImpl pooled thread 342] INFO  c.b.l.BrowserStackRunExtension - Agent path: null
20:21:06.831 [ApplicationImpl pooled thread 342] INFO  c.b.l.BrowserStackRunExtension - testng
20:21:06.832 [ApplicationImpl pooled thread 342] INFO  com.browserstack.utils.Helpers - null
20:21:06.833 [ApplicationImpl pooled thread 342] INFO  c.b.l.BrowserStackRunExtension - Agent path: null
20:26:51.592 [ApplicationImpl pooled thread 337] INFO  c.b.l.BrowserStackRunExtension - testng
20:26:51.594 [ApplicationImpl pooled thread 337] INFO  com.browserstack.utils.Helpers - null
20:26:51.596 [ApplicationImpl pooled thread 337] INFO  c.b.l.BrowserStackRunExtension - Agent path: null
20:33:27.518 [ApplicationImpl pooled thread 364] INFO  c.b.l.BrowserStackRunExtension - testng
20:33:27.519 [ApplicationImpl pooled thread 364] INFO  com.browserstack.utils.Helpers - null
20:33:27.520 [ApplicationImpl pooled thread 364] INFO  c.b.l.BrowserStackRunExtension - Agent path: null
20:35:38.966 [ApplicationImpl pooled thread 367] INFO  c.b.l.BrowserStackRunExtension - testng
20:35:38.966 [ApplicationImpl pooled thread 367] INFO  com.browserstack.utils.Helpers - null
20:35:38.968 [ApplicationImpl pooled thread 367] INFO  c.b.l.BrowserStackRunExtension - Agent path: null
20:43:55.884 [ApplicationImpl pooled thread 373] INFO  c.b.l.BrowserStackRunExtension - testng
20:43:55.884 [ApplicationImpl pooled thread 373] INFO  com.browserstack.utils.Helpers - null
20:43:55.886 [ApplicationImpl pooled thread 373] INFO  c.b.l.BrowserStackRunExtension - Agent path: null
20:49:02.016 [ApplicationImpl pooled thread 379] INFO  c.b.l.BrowserStackRunExtension - testng
20:49:02.016 [ApplicationImpl pooled thread 379] INFO  com.browserstack.utils.Helpers - null
20:49:02.019 [ApplicationImpl pooled thread 379] INFO  c.b.l.BrowserStackRunExtension - Agent path: null
20:57:53.497 [ApplicationImpl pooled thread 394] INFO  c.b.l.BrowserStackRunExtension - testng
20:57:53.498 [ApplicationImpl pooled thread 394] INFO  com.browserstack.utils.Helpers - null
20:57:53.501 [ApplicationImpl pooled thread 394] INFO  c.b.l.BrowserStackRunExtension - Agent path: null
20:59:31.957 [ApplicationImpl pooled thread 401] INFO  c.b.l.BrowserStackRunExtension - testng
20:59:31.958 [ApplicationImpl pooled thread 401] INFO  com.browserstack.utils.Helpers - null
20:59:31.965 [ApplicationImpl pooled thread 401] INFO  c.b.l.BrowserStackRunExtension - Agent path: null
21:02:43.883 [ApplicationImpl pooled thread 406] INFO  c.b.l.BrowserStackRunExtension - testng
21:02:43.884 [ApplicationImpl pooled thread 406] INFO  com.browserstack.utils.Helpers - null
21:02:43.892 [ApplicationImpl pooled thread 406] INFO  c.b.l.BrowserStackRunExtension - Agent path: null
21:23:10.777 [ApplicationImpl pooled thread 427] INFO  c.b.l.BrowserStackRunExtension - testng
21:23:10.777 [ApplicationImpl pooled thread 427] INFO  com.browserstack.utils.Helpers - null
21:23:10.780 [ApplicationImpl pooled thread 427] INFO  c.b.l.BrowserStackRunExtension - Agent path: null
21:24:58.219 [ApplicationImpl pooled thread 427] INFO  c.b.l.BrowserStackRunExtension - testng
21:24:58.220 [ApplicationImpl pooled thread 427] INFO  com.browserstack.utils.Helpers - null
21:24:58.222 [ApplicationImpl pooled thread 427] INFO  c.b.l.BrowserStackRunExtension - Agent path: null
21:38:50.383 [ApplicationImpl pooled thread 450] INFO  c.b.l.BrowserStackRunExtension - testng
21:38:50.384 [ApplicationImpl pooled thread 450] INFO  com.browserstack.utils.Helpers - null
21:38:50.391 [ApplicationImpl pooled thread 450] INFO  c.b.l.BrowserStackRunExtension - Agent path: null
21:44:52.679 [ApplicationImpl pooled thread 459] INFO  c.b.l.BrowserStackRunExtension - testng
21:44:52.685 [ApplicationImpl pooled thread 459] INFO  com.browserstack.utils.Helpers - null
21:44:52.703 [ApplicationImpl pooled thread 459] INFO  c.b.l.BrowserStackRunExtension - Agent path: null
21:47:05.765 [ApplicationImpl pooled thread 459] INFO  c.b.l.BrowserStackRunExtension - testng
21:47:05.767 [ApplicationImpl pooled thread 459] INFO  com.browserstack.utils.Helpers - null
21:47:05.777 [ApplicationImpl pooled thread 459] INFO  c.b.l.BrowserStackRunExtension - Agent path: null
21:50:17.943 [ApplicationImpl pooled thread 459] INFO  c.b.l.BrowserStackRunExtension - testng
21:50:17.948 [ApplicationImpl pooled thread 459] INFO  com.browserstack.utils.Helpers - null
21:50:17.951 [ApplicationImpl pooled thread 459] INFO  c.b.l.BrowserStackRunExtension - Agent path: null
21:53:45.332 [ApplicationImpl pooled thread 480] INFO  c.b.l.BrowserStackRunExtension - testng
21:53:45.335 [ApplicationImpl pooled thread 480] INFO  com.browserstack.utils.Helpers - null
21:53:45.342 [ApplicationImpl pooled thread 480] INFO  c.b.l.BrowserStackRunExtension - Agent path: null
